{"/home/miguel/workspace/2026/01-2026/devtalles/react/02-first-steps/src/FirstStepsApp.tsx": {"path":"/home/miguel/workspace/2026/01-2026/devtalles/react/02-first-steps/src/FirstStepsApp.tsx","statementMap":{"0":{"start":{"line":8,"column":34},"end":{"line":14,"column":null}},"1":{"start":{"line":17,"column":2},"end":{"line":22,"column":39}},"2":{"start":{"line":21,"column":49},"end":{"line":22,"column":39}}},"fnMap":{"0":{"name":"FirstStepsApp","decl":{"start":{"line":16,"column":16},"end":{"line":16,"column":null}},"loc":{"start":{"line":16,"column":16},"end":{"line":31,"column":null}},"line":16},"1":{"name":"(anonymous_1)","decl":{"start":{"line":21,"column":23},"end":{"line":21,"column":24}},"loc":{"start":{"line":21,"column":49},"end":{"line":22,"column":39}},"line":21}},"branchMap":{},"s":{"0":1,"1":4,"2":20},"f":{"0":4,"1":20},"b":{},"meta":{"lastBranch":0,"lastFunction":2,"lastStatement":3,"seen":{"s:8:34:14:Infinity":0,"f:16:16:16:Infinity":0,"s:17:2:22:39":1,"f:21:23:21:24":1,"s:21:49:22:39":2}}}
,"/home/miguel/workspace/2026/01-2026/devtalles/react/02-first-steps/src/MyAwesomeApp.tsx": {"path":"/home/miguel/workspace/2026/01-2026/devtalles/react/02-first-steps/src/MyAwesomeApp.tsx","statementMap":{"0":{"start":{"line":3,"column":18},"end":{"line":3,"column":null}},"1":{"start":{"line":4,"column":17},"end":{"line":4,"column":null}},"2":{"start":{"line":6,"column":22},"end":{"line":6,"column":null}},"3":{"start":{"line":7,"column":17},"end":{"line":7,"column":null}},"4":{"start":{"line":9,"column":16},"end":{"line":12,"column":null}},"5":{"start":{"line":14,"column":28},"end":{"line":35,"column":null}},"6":{"start":{"line":15,"column":34},"end":{"line":20,"column":null}},"7":{"start":{"line":22,"column":2},"end":{"line":32,"column":null}}},"fnMap":{"0":{"name":"(anonymous_0)","decl":{"start":{"line":14,"column":28},"end":{"line":14,"column":null}},"loc":{"start":{"line":14,"column":28},"end":{"line":35,"column":null}},"line":14}},"branchMap":{"0":{"loc":{"start":{"line":17,"column":18},"end":{"line":17,"column":null}},"type":"cond-expr","locations":[{"start":{"line":17,"column":29},"end":{"line":17,"column":34}},{"start":{"line":17,"column":34},"end":{"line":17,"column":null}}],"line":17},"1":{"loc":{"start":{"line":30,"column":11},"end":{"line":30,"column":null}},"type":"cond-expr","locations":[{"start":{"line":30,"column":22},"end":{"line":30,"column":33}},{"start":{"line":30,"column":33},"end":{"line":30,"column":null}}],"line":30}},"s":{"0":1,"1":1,"2":1,"3":1,"4":1,"5":1,"6":3,"7":3},"f":{"0":3},"b":{"0":[3,0],"1":[3,0]},"meta":{"lastBranch":2,"lastFunction":1,"lastStatement":8,"seen":{"s:3:18:3:Infinity":0,"s:4:17:4:Infinity":1,"s:6:22:6:Infinity":2,"s:7:17:7:Infinity":3,"s:9:16:12:Infinity":4,"s:14:28:35:Infinity":5,"f:14:28:14:Infinity":0,"s:15:34:20:Infinity":6,"b:17:29:17:34:17:34:17:Infinity":0,"s:22:2:32:Infinity":7,"b:30:22:30:33:30:33:30:Infinity":1}}}
,"/home/miguel/workspace/2026/01-2026/devtalles/react/02-first-steps/src/helpers/math.helper.ts": {"path":"/home/miguel/workspace/2026/01-2026/devtalles/react/02-first-steps/src/helpers/math.helper.ts","statementMap":{"0":{"start":{"line":1,"column":19},"end":{"line":1,"column":null}},"1":{"start":{"line":1,"column":45},"end":{"line":1,"column":null}},"2":{"start":{"line":2,"column":25},"end":{"line":2,"column":null}},"3":{"start":{"line":2,"column":51},"end":{"line":2,"column":null}},"4":{"start":{"line":3,"column":24},"end":{"line":3,"column":null}},"5":{"start":{"line":3,"column":50},"end":{"line":3,"column":null}},"6":{"start":{"line":4,"column":22},"end":{"line":4,"column":null}},"7":{"start":{"line":4,"column":48},"end":{"line":4,"column":null}}},"fnMap":{"0":{"name":"(anonymous_0)","decl":{"start":{"line":1,"column":19},"end":{"line":1,"column":20}},"loc":{"start":{"line":1,"column":45},"end":{"line":1,"column":null}},"line":1},"1":{"name":"(anonymous_1)","decl":{"start":{"line":2,"column":25},"end":{"line":2,"column":26}},"loc":{"start":{"line":2,"column":51},"end":{"line":2,"column":null}},"line":2},"2":{"name":"(anonymous_2)","decl":{"start":{"line":3,"column":24},"end":{"line":3,"column":25}},"loc":{"start":{"line":3,"column":50},"end":{"line":3,"column":null}},"line":3},"3":{"name":"(anonymous_3)","decl":{"start":{"line":4,"column":22},"end":{"line":4,"column":23}},"loc":{"start":{"line":4,"column":48},"end":{"line":4,"column":null}},"line":4}},"branchMap":{},"s":{"0":1,"1":2,"2":1,"3":1,"4":1,"5":1,"6":1,"7":1},"f":{"0":2,"1":1,"2":1,"3":1},"b":{},"meta":{"lastBranch":0,"lastFunction":4,"lastStatement":8,"seen":{"s:1:19:1:Infinity":0,"f:1:19:1:20":0,"s:1:45:1:Infinity":1,"s:2:25:2:Infinity":2,"f:2:25:2:26":1,"s:2:51:2:Infinity":3,"s:3:24:3:Infinity":4,"f:3:24:3:25":2,"s:3:50:3:Infinity":5,"s:4:22:4:Infinity":6,"f:4:22:4:23":3,"s:4:48:4:Infinity":7}}}
,"/home/miguel/workspace/2026/01-2026/devtalles/react/02-first-steps/src/shopping-cart/ItemCounter.module.css": {"path":"/home/miguel/workspace/2026/01-2026/devtalles/react/02-first-steps/src/shopping-cart/ItemCounter.module.css","statementMap":{},"fnMap":{},"branchMap":{},"s":{},"f":{},"b":{},"meta":{"lastBranch":0,"lastFunction":0,"lastStatement":0,"seen":{}}}
,"/home/miguel/workspace/2026/01-2026/devtalles/react/02-first-steps/src/shopping-cart/ItemCounter.tsx": {"path":"/home/miguel/workspace/2026/01-2026/devtalles/react/02-first-steps/src/shopping-cart/ItemCounter.tsx","statementMap":{"0":{"start":{"line":11,"column":27},"end":{"line":38,"column":null}},"1":{"start":{"line":12,"column":33},"end":{"line":12,"column":null}},"2":{"start":{"line":14,"column":25},"end":{"line":14,"column":null}},"3":{"start":{"line":16,"column":20},"end":{"line":18,"column":null}},"4":{"start":{"line":17,"column":4},"end":{"line":17,"column":null}},"5":{"start":{"line":20,"column":26},"end":{"line":23,"column":null}},"6":{"start":{"line":21,"column":4},"end":{"line":21,"column":null}},"7":{"start":{"line":21,"column":20},"end":{"line":21,"column":null}},"8":{"start":{"line":22,"column":4},"end":{"line":22,"column":null}},"9":{"start":{"line":25,"column":2},"end":{"line":35,"column":null}}},"fnMap":{"0":{"name":"(anonymous_0)","decl":{"start":{"line":11,"column":27},"end":{"line":11,"column":28}},"loc":{"start":{"line":11,"column":28},"end":{"line":38,"column":null}},"line":11},"1":{"name":"(anonymous_1)","decl":{"start":{"line":16,"column":20},"end":{"line":16,"column":null}},"loc":{"start":{"line":16,"column":20},"end":{"line":18,"column":null}},"line":16},"2":{"name":"(anonymous_2)","decl":{"start":{"line":20,"column":26},"end":{"line":20,"column":null}},"loc":{"start":{"line":20,"column":26},"end":{"line":23,"column":null}},"line":20}},"branchMap":{"0":{"loc":{"start":{"line":12,"column":16},"end":{"line":12,"column":28}},"type":"default-arg","locations":[{"start":{"line":12,"column":27},"end":{"line":12,"column":28}}],"line":12},"1":{"loc":{"start":{"line":21,"column":4},"end":{"line":21,"column":null}},"type":"if","locations":[{"start":{"line":21,"column":4},"end":{"line":21,"column":null}},{"start":{},"end":{}}],"line":21},"2":{"loc":{"start":{"line":29,"column":24},"end":{"line":29,"column":54}},"type":"cond-expr","locations":[{"start":{"line":29,"column":38},"end":{"line":29,"column":46}},{"start":{"line":29,"column":46},"end":{"line":29,"column":54}}],"line":29},"3":{"loc":{"start":{"line":34,"column":28},"end":{"line":34,"column":58}},"type":"cond-expr","locations":[{"start":{"line":34,"column":42},"end":{"line":34,"column":50}},{"start":{"line":34,"column":50},"end":{"line":34,"column":58}}],"line":34}},"s":{"0":1,"1":9,"2":9,"3":9,"4":1,"5":9,"6":3,"7":2,"8":1,"9":9},"f":{"0":9,"1":1,"2":3},"b":{"0":[9],"1":[2,1],"2":[3,6],"3":[3,6]},"meta":{"lastBranch":4,"lastFunction":3,"lastStatement":10,"seen":{"s:11:27:38:Infinity":0,"f:11:27:11:28":0,"s:12:33:12:Infinity":1,"b:12:27:12:28":0,"s:14:25:14:Infinity":2,"s:16:20:18:Infinity":3,"f:16:20:16:Infinity":1,"s:17:4:17:Infinity":4,"s:20:26:23:Infinity":5,"f:20:26:20:Infinity":2,"b:21:4:21:Infinity:undefined:undefined:undefined:undefined":1,"s:21:4:21:Infinity":6,"s:21:20:21:Infinity":7,"s:22:4:22:Infinity":8,"s:25:2:35:Infinity":9,"b:29:38:29:46:29:46:29:54":2,"b:34:42:34:50:34:50:34:58":3}}}
}
